<?xml version="1.0" encoding="UTF-8"?><testsuite name="nosetests" tests="4" errors="0" failures="0" skip="0"><testcase classname="authentication_tests.StandAloneTests" name="test_login_bad_creds" time="0.001"></testcase><testcase classname="authentication_tests.StandAloneTests" name="test_login_error" time="0.001"><system-out><![CDATA[I can't authenticate you.
]]></system-out></testcase><testcase classname="authentication_tests.StandAloneTests" name="test_login_success" time="0.001"></testcase><testcase classname="compute_tests.StandAloneTests" name="test_compute2" time="0.000"></testcase></testsuite>